C:\Users\ek\Documents\MG\practice06\Debug\practice06.exe
C:\Users\ek\Documents\MG\practice06\Debug\practice06.ilk
C:\Users\ek\Documents\MG\practice06\Debug\practice06.pdb
C:\Users\ek\Documents\MG\practice06\practice06\Debug\cl.command.1.tlog
C:\Users\ek\Documents\MG\practice06\practice06\Debug\CL.read.1.tlog
C:\Users\ek\Documents\MG\practice06\practice06\Debug\CL.write.1.tlog
C:\Users\ek\Documents\MG\practice06\practice06\Debug\link.4860.read.1.tlog
C:\Users\ek\Documents\MG\practice06\practice06\Debug\link.4860.write.1.tlog
C:\Users\ek\Documents\MG\practice06\practice06\Debug\link.4860-cvtres.read.1.tlog
C:\Users\ek\Documents\MG\practice06\practice06\Debug\link.4860-cvtres.write.1.tlog
C:\Users\ek\Documents\MG\practice06\practice06\Debug\link.command.1.tlog
C:\Users\ek\Documents\MG\practice06\practice06\Debug\link.read.1.tlog
C:\Users\ek\Documents\MG\practice06\practice06\Debug\link.write.1.tlog
C:\Users\ek\Documents\MG\practice06\practice06\Debug\link-cvtres.read.1.tlog
C:\Users\ek\Documents\MG\practice06\practice06\Debug\link-cvtres.write.1.tlog
C:\Users\ek\Documents\MG\practice06\practice06\Debug\main.obj
C:\Users\ek\Documents\MG\practice06\practice06\Debug\mt.command.1.tlog
C:\Users\ek\Documents\MG\practice06\practice06\Debug\mt.read.1.tlog
C:\Users\ek\Documents\MG\practice06\practice06\Debug\mt.write.1.tlog
C:\Users\ek\Documents\MG\practice06\practice06\Debug\practice06.exe.embed.manifest
C:\Users\ek\Documents\MG\practice06\practice06\Debug\practice06.exe.embed.manifest.res
C:\Users\ek\Documents\MG\practice06\practice06\Debug\practice06.exe.intermediate.manifest
C:\Users\ek\Documents\MG\practice06\practice06\Debug\practice06_manifest.rc
C:\Users\ek\Documents\MG\practice06\practice06\Debug\rc.command.1.tlog
C:\Users\ek\Documents\MG\practice06\practice06\Debug\rc.read.1.tlog
C:\Users\ek\Documents\MG\practice06\practice06\Debug\rc.write.1.tlog
C:\Users\ek\Documents\MG\practice06\practice06\Debug\vc100.idb
C:\Users\ek\Documents\MG\practice06\practice06\Debug\vc100.pdb
C:\USERS\EK\DOCUMENTS\VISUAL STUDIO 2010\PROJECTS\PRACTICE06\DEBUG\PRACTICE06.EXE
C:\USERS\EK\DOCUMENTS\VISUAL STUDIO 2010\PROJECTS\PRACTICE06\DEBUG\PRACTICE06.ILK
C:\USERS\EK\DOCUMENTS\VISUAL STUDIO 2010\PROJECTS\PRACTICE06\DEBUG\PRACTICE06.PDB
C:\USERS\EK\DOCUMENTS\VISUAL STUDIO 2010\PROJECTS\PRACTICE06\PRACTICE06\DEBUG\MAIN.OBJ
C:\USERS\EK\DOCUMENTS\VISUAL STUDIO 2010\PROJECTS\PRACTICE06\PRACTICE06\DEBUG\PRACTICE06.EXE.EMBED.MANIFEST
C:\USERS\EK\DOCUMENTS\VISUAL STUDIO 2010\PROJECTS\PRACTICE06\PRACTICE06\DEBUG\PRACTICE06.EXE.EMBED.MANIFEST.RES
C:\USERS\EK\DOCUMENTS\VISUAL STUDIO 2010\PROJECTS\PRACTICE06\PRACTICE06\DEBUG\PRACTICE06.EXE.INTERMEDIATE.MANIFEST
C:\USERS\EK\DOCUMENTS\VISUAL STUDIO 2010\PROJECTS\PRACTICE06\PRACTICE06\DEBUG\VC100.PDB
